<?xml version="1.0" encoding="UTF-8"?>
<testng-results ignored="0" total="1" passed="0" failed="1" skipped="0">
  <reporter-output>
  </reporter-output>
  <suite started-at="2020-11-26T22:03:25 GMT+03:00" name="Default suite" finished-at="2020-11-26T22:03:38 GMT+03:00" duration-ms="12414">
    <groups>
    </groups>
    <test started-at="2020-11-26T22:03:25 GMT+03:00" name="Default test" finished-at="2020-11-26T22:03:38 GMT+03:00" duration-ms="12414">
      <class name="test.verifyGoogleTestResult">
        <test-method is-config="true" signature="setup()[pri:0, instance:test.verifyGoogleTestResult@5a63f509]" started-at="2020-11-26T22:03:25 GMT+03:00" name="setup" finished-at="2020-11-26T22:03:32 GMT+03:00" duration-ms="6292" status="PASS">
          <reporter-output>
          </reporter-output>
        </test-method> <!-- setup -->
        <test-method signature="searchResult()[pri:0, instance:test.verifyGoogleTestResult@5a63f509]" started-at="2020-11-26T22:03:32 GMT+03:00" name="searchResult" finished-at="2020-11-26T22:03:36 GMT+03:00" duration-ms="4630" status="FAIL">
          <exception class="java.lang.AssertionError">
            <message>
              <![CDATA[expected [What is Selenium WebDriver?] but found [WebDriver :: Documentation for Selenium]]]>
            </message>
            <full-stacktrace>
              <![CDATA[java.lang.AssertionError: expected [What is Selenium WebDriver?] but found [WebDriver :: Documentation for Selenium]
at org.testng.Assert.fail(Assert.java:99)
at org.testng.Assert.failNotEquals(Assert.java:1037)
at org.testng.Assert.assertEqualsImpl(Assert.java:140)
at org.testng.Assert.assertEquals(Assert.java:122)
at org.testng.Assert.assertEquals(Assert.java:629)
at org.testng.Assert.assertEquals(Assert.java:639)
at pages.googleSearchPage.validateThirdResult(googleSearchPage.java:56)
at test.verifyGoogleTestResult.searchResult(verifyGoogleTestResult.java:31)
at java.base/jdk.internal.reflect.NativeMethodAccessorImpl.invoke0(Native Method)
at java.base/jdk.internal.reflect.NativeMethodAccessorImpl.invoke(NativeMethodAccessorImpl.java:62)
at java.base/jdk.internal.reflect.DelegatingMethodAccessorImpl.invoke(DelegatingMethodAccessorImpl.java:43)
at java.base/java.lang.reflect.Method.invoke(Method.java:564)
at org.testng.internal.MethodInvocationHelper.invokeMethod(MethodInvocationHelper.java:132)
at org.testng.internal.TestInvoker.invokeMethod(TestInvoker.java:599)
at org.testng.internal.TestInvoker.invokeTestMethod(TestInvoker.java:174)
at org.testng.internal.MethodRunner.runInSequence(MethodRunner.java:46)
at org.testng.internal.TestInvoker$MethodInvocationAgent.invoke(TestInvoker.java:822)
at org.testng.internal.TestInvoker.invokeTestMethods(TestInvoker.java:147)
at org.testng.internal.TestMethodWorker.invokeTestMethods(TestMethodWorker.java:146)
at org.testng.internal.TestMethodWorker.run(TestMethodWorker.java:128)
at java.base/java.util.ArrayList.forEach(ArrayList.java:1510)
at org.testng.TestRunner.privateRun(TestRunner.java:764)
at org.testng.TestRunner.run(TestRunner.java:585)
at org.testng.SuiteRunner.runTest(SuiteRunner.java:384)
at org.testng.SuiteRunner.runSequentially(SuiteRunner.java:378)
at org.testng.SuiteRunner.privateRun(SuiteRunner.java:337)
at org.testng.SuiteRunner.run(SuiteRunner.java:286)
at org.testng.SuiteRunnerWorker.runSuite(SuiteRunnerWorker.java:53)
at org.testng.SuiteRunnerWorker.run(SuiteRunnerWorker.java:96)
at org.testng.TestNG.runSuitesSequentially(TestNG.java:1218)
at org.testng.TestNG.runSuitesLocally(TestNG.java:1140)
at org.testng.TestNG.runSuites(TestNG.java:1069)
at org.testng.TestNG.run(TestNG.java:1037)
at org.testng.remote.AbstractRemoteTestNG.run(AbstractRemoteTestNG.java:115)
at org.testng.remote.RemoteTestNG.initAndRun(RemoteTestNG.java:251)
at org.testng.remote.RemoteTestNG.main(RemoteTestNG.java:77)
]]>
            </full-stacktrace>
          </exception> <!-- java.lang.AssertionError -->
          <reporter-output>
          </reporter-output>
        </test-method> <!-- searchResult -->
        <test-method is-config="true" signature="getResult(org.testng.ITestResult)[pri:0, instance:test.verifyGoogleTestResult@5a63f509]" started-at="2020-11-26T22:03:36 GMT+03:00" name="getResult" finished-at="2020-11-26T22:03:37 GMT+03:00" duration-ms="423" status="PASS">
          <params>
            <param index="0">
              <value>
                <![CDATA[[TestResult name=searchResult status=FAILURE method=verifyGoogleTestResult.searchResult()[pri:0, instance:test.verifyGoogleTestResult@5a63f509] output={null}]]]>
              </value>
            </param>
          </params>
          <reporter-output>
          </reporter-output>
        </test-method> <!-- getResult -->
        <test-method is-config="true" signature="teardown()[pri:0, instance:test.verifyGoogleTestResult@5a63f509]" started-at="2020-11-26T22:03:37 GMT+03:00" name="teardown" finished-at="2020-11-26T22:03:38 GMT+03:00" duration-ms="1017" status="PASS">
          <reporter-output>
          </reporter-output>
        </test-method> <!-- teardown -->
      </class> <!-- test.verifyGoogleTestResult -->
    </test> <!-- Default test -->
  </suite> <!-- Default suite -->
</testng-results>
